[    0.000000] Linux version 4.15.0-173-generic (buildd@lcy02-amd64-094) (gcc version 7.5.0 (Ubuntu 7.5.0-3ubuntu1~18.04)) #182-Ubuntu SMP Fri Mar 18 15:53:46 UTC 2022 (Ubuntu 4.15.0-173.182-generic 4.15.18)
[    0.000000] Command line: BOOT_IMAGE=/boot/vmlinuz-4.15.0-173-generic root=LABEL=cloudimg-rootfs ro console=tty1 console=ttyS0
[    0.000000] KERNEL supported cpus:
[    0.000000]   Intel GenuineIntel
[    0.000000]   AMD AuthenticAMD
[    0.000000]   Centaur CentaurHauls
[    0.000000] x86/fpu: Supporting XSAVE feature 0x001: 'x87 floating point registers'
[    0.000000] x86/fpu: Supporting XSAVE feature 0x002: 'SSE registers'
[    0.000000] x86/fpu: Supporting XSAVE feature 0x004: 'AVX registers'
[    0.000000] x86/fpu: xstate_offset[2]:  576, xstate_sizes[2]:  256
[    0.000000] x86/fpu: Enabled xstate features 0x7, context size is 832 bytes, using 'standard' format.
[    0.000000] e820: BIOS-provided physical RAM map:
[    0.000000] BIOS-e820: [mem 0x0000000000000000-0x000000000009fbff] usable
[    0.000000] BIOS-e820: [mem 0x000000000009fc00-0x000000000009ffff] reserved
[    0.000000] BIOS-e820: [mem 0x00000000000f0000-0x00000000000fffff] reserved
[    0.000000] BIOS-e820: [mem 0x0000000000100000-0x000000003ffeffff] usable
[    0.000000] BIOS-e820: [mem 0x000000003fff0000-0x000000003fffffff] ACPI data
[    0.000000] BIOS-e820: [mem 0x00000000fec00000-0x00000000fec00fff] reserved
[    0.000000] BIOS-e820: [mem 0x00000000fee00000-0x00000000fee00fff] reserved
[    0.000000] BIOS-e820: [mem 0x00000000fffc0000-0x00000000ffffffff] reserved
[    0.000000] NX (Execute Disable) protection: active
[    0.000000] SMBIOS 2.5 present.
[    0.000000] DMI: innotek GmbH VirtualBox/VirtualBox, BIOS VirtualBox 12/01/2006
[    0.000000] Hypervisor detected: KVM
[    0.000000] e820: last_pfn = 0x3fff0 max_arch_pfn = 0x400000000
[    0.000000] MTRR: Disabled
[    0.000000] x86/PAT: MTRRs disabled, skipping PAT initialization too.
[    0.000000] CPU MTRRs all blank - virtualized system.
[    0.000000] x86/PAT: Configuration [0-7]: WB  WT  UC- UC  WB  WT  UC- UC  
[    0.000000] found SMP MP-table at [mem 0x0009fff0-0x0009ffff]
[    0.000000] Scanning 1 areas for low memory corruption
[    0.000000] RAMDISK: [mem 0x359cb000-0x36cdcfff]
[    0.000000] ACPI: Early table checksum verification disabled
[    0.000000] ACPI: RSDP 0x00000000000E0000 000024 (v02 VBOX  )
[    0.000000] ACPI: XSDT 0x000000003FFF0030 00003C (v01 VBOX   VBOXXSDT 00000001 ASL  00000061)
[    0.000000] ACPI: FACP 0x000000003FFF00F0 0000F4 (v04 VBOX   VBOXFACP 00000001 ASL  00000061)
[    0.000000] ACPI: DSDT 0x000000003FFF0470 002325 (v02 VBOX   VBOXBIOS 00000002 INTL 20190509)
[    0.000000] ACPI: FACS 0x000000003FFF0200 000040
[    0.000000] ACPI: FACS 0x000000003FFF0200 000040
[    0.000000] ACPI: APIC 0x000000003FFF0240 00005C (v02 VBOX   VBOXAPIC 00000001 ASL  00000061)
[    0.000000] ACPI: SSDT 0x000000003FFF02A0 0001CC (v01 VBOX   VBOXCPUT 00000002 INTL 20190509)
[    0.000000] ACPI: Reserving FACP table memory at [mem 0x3fff00f0-0x3fff01e3]
[    0.000000] ACPI: Reserving DSDT table memory at [mem 0x3fff0470-0x3fff2794]
[    0.000000] ACPI: Reserving FACS table memory at [mem 0x3fff0200-0x3fff023f]
[    0.000000] ACPI: Reserving FACS table memory at [mem 0x3fff0200-0x3fff023f]
[    0.000000] ACPI: Reserving APIC table memory at [mem 0x3fff0240-0x3fff029b]
[    0.000000] ACPI: Reserving SSDT table memory at [mem 0x3fff02a0-0x3fff046b]
[    0.000000] No NUMA configuration found
[    0.000000] Faking a node at [mem 0x0000000000000000-0x000000003ffeffff]
[    0.000000] NODE_DATA(0) allocated [mem 0x3ffc5000-0x3ffeffff]
[    0.000000] kvm-clock: cpu 0, msr 0:3ff44001, primary cpu clock
[    0.000000] kvm-clock: Using msrs 4b564d01 and 4b564d00
[    0.000000] kvm-clock: using sched offset of 3264458557 cycles
[    0.000000] clocksource: kvm-clock: mask: 0xffffffffffffffff max_cycles: 0x1cd42e4dffb, max_idle_ns: 881590591483 ns
[    0.000000] Zone ranges:
[    0.000000]   DMA      [mem 0x0000000000001000-0x0000000000ffffff]
[    0.000000]   DMA32    [mem 0x0000000001000000-0x000000003ffeffff]
[    0.000000]   Normal   empty
[    0.000000]   Device   empty
[    0.000000] Movable zone start for each node
[    0.000000] Early memory node ranges
[    0.000000]   node   0: [mem 0x0000000000001000-0x000000000009efff]
[    0.000000]   node   0: [mem 0x0000000000100000-0x000000003ffeffff]
[    0.000000] Reserved but unavailable: 104 pages
[    0.000000] Initmem setup node 0 [mem 0x0000000000001000-0x000000003ffeffff]
[    0.000000] ACPI: PM-Timer IO Port: 0x4008
[    0.000000] IOAPIC[0]: apic_id 2, version 32, address 0xfec00000, GSI 0-23
[    0.000000] ACPI: INT_SRC_OVR (bus 0 bus_irq 0 global_irq 2 dfl dfl)
[    0.000000] ACPI: INT_SRC_OVR (bus 0 bus_irq 9 global_irq 9 low level)
[    0.000000] Using ACPI (MADT) for SMP configuration information
[    0.000000] smpboot: Allowing 2 CPUs, 0 hotplug CPUs
[    0.000000] PM: Registered nosave memory: [mem 0x00000000-0x00000fff]
[    0.000000] PM: Registered nosave memory: [mem 0x0009f000-0x0009ffff]
[    0.000000] PM: Registered nosave memory: [mem 0x000a0000-0x000effff]
[    0.000000] PM: Registered nosave memory: [mem 0x000f0000-0x000fffff]
[    0.000000] e820: [mem 0x40000000-0xfebfffff] available for PCI devices
[    0.000000] Booting paravirtualized kernel on KVM
[    0.000000] clocksource: refined-jiffies: mask: 0xffffffff max_cycles: 0xffffffff, max_idle_ns: 7645519600211568 ns
[    0.000000] random: get_random_bytes called from start_kernel+0x99/0x500 with crng_init=0
[    0.000000] setup_percpu: NR_CPUS:8192 nr_cpumask_bits:2 nr_cpu_ids:2 nr_node_ids:1
[    0.000000] percpu: Embedded 50 pages/cpu s167936 r8192 d28672 u1048576
[    0.000000] PV qspinlock hash table entries: 256 (order: 0, 4096 bytes)
[    0.000000] Built 1 zonelists, mobility grouping on.  Total pages: 257913
[    0.000000] Policy zone: DMA32
[    0.000000] Kernel command line: BOOT_IMAGE=/boot/vmlinuz-4.15.0-173-generic root=LABEL=cloudimg-rootfs ro console=tty1 console=ttyS0
[    0.000000] Memory: 982648K/1048120K available (12300K kernel code, 2484K rwdata, 4324K rodata, 2468K init, 2724K bss, 65472K reserved, 0K cma-reserved)
[    0.000000] SLUB: HWalign=64, Order=0-3, MinObjects=0, CPUs=2, Nodes=1
[    0.000000] Kernel/User page tables isolation: enabled
[    0.000000] ftrace: allocating 39503 entries in 155 pages
[    0.004000] Hierarchical RCU implementation.
[    0.004000] 	RCU restricting CPUs from NR_CPUS=8192 to nr_cpu_ids=2.
[    0.004000] 	Tasks RCU enabled.
[    0.004000] RCU: Adjusting geometry for rcu_fanout_leaf=16, nr_cpu_ids=2
[    0.004000] NR_IRQS: 524544, nr_irqs: 440, preallocated irqs: 16
[    0.004000] Console: colour VGA+ 80x25
[    0.004000] console [tty1] enabled
[    0.004000] console [ttyS0] enabled
[    0.004000] ACPI: Core revision 20170831
[    0.004000] ACPI: 2 ACPI AML tables successfully acquired and loaded
[    0.004000] APIC: Switch to symmetric I/O mode setup
[    0.004000] x2apic enabled
[    0.004000] Switched APIC routing to physical x2apic.
[    0.004000] ..TIMER: vector=0x30 apic1=0 pin1=2 apic2=-1 pin2=-1
[    0.004009] tsc: Detected 2904.008 MHz processor
[    0.004899] Calibrating delay loop (skipped) preset value.. 5808.01 BogoMIPS (lpj=11616032)
[    0.005431] pid_max: default: 32768 minimum: 301
[    0.006101] Security Framework initialized
[    0.008003] Yama: becoming mindful.
[    0.008516] AppArmor: AppArmor initialized
[    0.009706] Dentry cache hash table entries: 131072 (order: 8, 1048576 bytes)
[    0.010768] Inode-cache hash table entries: 65536 (order: 7, 524288 bytes)
[    0.012016] Mount-cache hash table entries: 2048 (order: 2, 16384 bytes)
[    0.013152] Mountpoint-cache hash table entries: 2048 (order: 2, 16384 bytes)
[    0.014619] Last level iTLB entries: 4KB 64, 2MB 8, 4MB 8
[    0.015624] Last level dTLB entries: 4KB 64, 2MB 0, 4MB 0, 1GB 4
[    0.016005] Spectre V1 : Mitigation: usercopy/swapgs barriers and __user pointer sanitization
[    0.017800] Spectre V2 : Mitigation: Retpolines
[    0.020009] Spectre V2 : Spectre v2 / SpectreRSB mitigation: Filling RSB on context switch
[    0.022037] Speculative Store Bypass: Vulnerable
[    0.022934] SRBDS: Unknown: Dependent on hypervisor status
[    0.024003] MDS: Mitigation: Clear CPU buffers
[    0.024952] Freeing SMP alternatives memory: 36K
[    0.136000] smpboot: CPU0: Intel(R) Core(TM) i7-7500U CPU @ 2.70GHz (family: 0x6, model: 0x8e, stepping: 0x9)
[    0.136000] Performance Events: unsupported p6 CPU model 142 no PMU driver, software events only.
[    0.136000] Hierarchical SRCU implementation.
[    0.136647] NMI watchdog: Perf event create on CPU 0 failed with -2
[    0.137738] NMI watchdog: Perf NMI watchdog permanently disabled
[    0.138816] smp: Bringing up secondary CPUs ...
[    0.140067] x86: Booting SMP configuration:
[    0.140833] .... node  #0, CPUs:      #1
[    0.004000] kvm-clock: cpu 1, msr 0:3ff44041, secondary cpu clock
[    0.144018] smp: Brought up 1 node, 2 CPUs
[    0.144876] smpboot: Max logical packages: 1
[    0.145916] smpboot: Total of 2 processors activated (11616.03 BogoMIPS)
[    0.148043] devtmpfs: initialized
[    0.148693] x86/mm: Memory block size: 128MB
[    0.149598] evm: security.selinux
[    0.150216] evm: security.SMACK64
[    0.150834] evm: security.SMACK64EXEC
[    0.151524] evm: security.SMACK64TRANSMUTE
[    0.152005] evm: security.SMACK64MMAP
[    0.152674] evm: security.apparmor
[    0.153308] evm: security.ima
[    0.153859] evm: security.capability
[    0.154561] clocksource: jiffies: mask: 0xffffffff max_cycles: 0xffffffff, max_idle_ns: 7645041785100000 ns
[    0.156008] futex hash table entries: 512 (order: 3, 32768 bytes)
[    0.157111] pinctrl core: initialized pinctrl subsystem
[    0.158650] RTC time:  1:36:47, date: 03/31/22
[    0.160127] NET: Registered protocol family 16
[    0.161067] audit: initializing netlink subsys (disabled)
[    0.162395] audit: type=2000 audit(1648690612.149:1): state=initialized audit_enabled=0 res=1
[    0.162395] cpuidle: using governor ladder
[    0.164017] cpuidle: using governor menu
[    0.164733] ACPI: bus type PCI registered
[    0.165406] acpiphp: ACPI Hot Plug PCI Controller Driver version: 0.5
[    0.166372] PCI: Using configuration type 1 for base access
[    0.168821] HugeTLB registered 2.00 MiB page size, pre-allocated 0 pages
[    0.168925] ACPI: Added _OSI(Module Device)
[    0.168925] ACPI: Added _OSI(Processor Device)
[    0.169296] ACPI: Added _OSI(3.0 _SCP Extensions)
[    0.172006] ACPI: Added _OSI(Processor Aggregator Device)
[    0.173110] ACPI: Added _OSI(Linux-Dell-Video)
[    0.173914] ACPI: Added _OSI(Linux-Lenovo-NV-HDMI-Audio)
[    0.174848] ACPI: Added _OSI(Linux-HPI-Hybrid-Graphics)
[    0.176086] ACPI: Executed 1 blocks of module-level executable AML code
[    0.180000] ACPI: Interpreter enabled
[    0.180000] ACPI: (supports S0 S5)
[    0.180005] ACPI: Using IOAPIC for interrupt routing
[    0.184207] PCI: Using host bridge windows from ACPI; if necessary, use "pci=nocrs" and report a bug
[    0.185949] ACPI: Enabled 2 GPEs in block 00 to 07
[    0.191663] ACPI: PCI Root Bridge [PCI0] (domain 0000 [bus 00-ff])
[    0.192008] acpi PNP0A03:00: _OSC: OS supports [ASPM ClockPM Segments MSI]
[    0.193564] acpi PNP0A03:00: _OSC: not requesting OS control; OS requires [ExtendedConfig ASPM ClockPM MSI]
[    0.196025] acpi PNP0A03:00: fail to add MMCONFIG information, can't access extended PCI configuration space under this bridge.
[    0.198423] PCI host bridge to bus 0000:00
[    0.199189] pci_bus 0000:00: root bus resource [io  0x0000-0x0cf7 window]
[    0.200003] pci_bus 0000:00: root bus resource [io  0x0d00-0xffff window]
[    0.201210] pci_bus 0000:00: root bus resource [mem 0x000a0000-0x000bffff window]
[    0.203043] pci_bus 0000:00: root bus resource [mem 0x40000000-0xfdffffff window]
[    0.204003] pci_bus 0000:00: root bus resource [bus 00-ff]
[    0.206354] pci 0000:00:01.1: legacy IDE quirk: reg 0x10: [io  0x01f0-0x01f7]
[    0.208002] pci 0000:00:01.1: legacy IDE quirk: reg 0x14: [io  0x03f6]
[    0.209116] pci 0000:00:01.1: legacy IDE quirk: reg 0x18: [io  0x0170-0x0177]
[    0.210325] pci 0000:00:01.1: legacy IDE quirk: reg 0x1c: [io  0x0376]
[    0.225310] pci 0000:00:07.0: quirk: [io  0x4000-0x403f] claimed by PIIX4 ACPI
[    0.226679] pci 0000:00:07.0: quirk: [io  0x4100-0x410f] claimed by PIIX4 SMB
[    0.240164] ACPI: PCI Interrupt Link [LNKA] (IRQs 5 9 10 *11)
[    0.241330] ACPI: PCI Interrupt Link [LNKB] (IRQs 5 9 *10 11)
[    0.242224] ACPI: PCI Interrupt Link [LNKC] (IRQs 5 *9 10 11)
[    0.243101] ACPI: PCI Interrupt Link [LNKD] (IRQs 5 9 10 *11)
[    0.244294] SCSI subsystem initialized
[    0.244977] pci 0000:00:02.0: vgaarb: setting as boot VGA device
[    0.245321] pci 0000:00:02.0: vgaarb: VGA device added: decodes=io+mem,owns=io+mem,locks=none
[    0.248016] pci 0000:00:02.0: vgaarb: bridge control possible
[    0.249193] vgaarb: loaded
[    0.249722] ACPI: bus type USB registered
[    0.250434] usbcore: registered new interface driver usbfs
[    0.251225] usbcore: registered new interface driver hub
[    0.252028] usbcore: registered new device driver usb
[    0.252966] EDAC MC: Ver: 3.0.0
[    0.252966] PCI: Using ACPI for IRQ routing
[    0.252992] NetLabel: Initializing
[    0.256007] NetLabel:  domain hash size = 128
[    0.256734] NetLabel:  protocols = UNLABELED CIPSOv4 CALIPSO
[    0.257653] NetLabel:  unlabeled traffic allowed by default
[    0.258563] clocksource: Switched to clocksource kvm-clock
[    0.266802] VFS: Disk quotas dquot_6.6.0
[    0.267452] VFS: Dquot-cache hash table entries: 512 (order 0, 4096 bytes)
[    0.268697] AppArmor: AppArmor Filesystem Enabled
[    0.269403] pnp: PnP ACPI init
[    0.270719] pnp: PnP ACPI: found 3 devices
[    0.281269] clocksource: acpi_pm: mask: 0xffffff max_cycles: 0xffffff, max_idle_ns: 2085701024 ns
[    0.282635] NET: Registered protocol family 2
[    0.283321] IP idents hash table entries: 16384 (order: 5, 131072 bytes)
[    0.285009] TCP established hash table entries: 8192 (order: 4, 65536 bytes)
[    0.285975] TCP bind hash table entries: 8192 (order: 5, 131072 bytes)
[    0.286887] TCP: Hash tables configured (established 8192 bind 8192)
[    0.287768] UDP hash table entries: 512 (order: 2, 16384 bytes)
[    0.288678] UDP-Lite hash table entries: 512 (order: 2, 16384 bytes)
[    0.289572] NET: Registered protocol family 1
[    0.290235] pci 0000:00:00.0: Limiting direct PCI/PCI transfers
[    0.291065] pci 0000:00:01.0: Activating ISA DMA hang workarounds
[    0.292111] pci 0000:00:02.0: Video device with shadowed ROM at [mem 0x000c0000-0x000dffff]
[    0.293545] Unpacking initramfs...
[    0.553056] Freeing initrd memory: 19528K
[    0.553939] clocksource: tsc: mask: 0xffffffffffffffff max_cycles: 0x29dc0d988f1, max_idle_ns: 440795328788 ns
[    0.555557] platform rtc_cmos: registered platform RTC device (no PNP device found)
[    0.556798] Scanning for low memory corruption every 60 seconds
[    0.558208] Initialise system trusted keyrings
[    0.559253] Key type blacklist registered
[    0.560029] workingset: timestamp_bits=36 max_order=18 bucket_order=0
[    0.561904] zbud: loaded
[    0.563079] squashfs: version 4.0 (2009/01/31) Phillip Lougher
[    0.564283] fuse init (API version 7.26)
[    0.566309] Key type asymmetric registered
[    0.566895] Asymmetric key parser 'x509' registered
[    0.567804] Block layer SCSI generic (bsg) driver version 0.4 loaded (major 246)
[    0.568970] io scheduler noop registered
[    0.569545] io scheduler deadline registered
[    0.570190] io scheduler cfq registered (default)
[    0.571104] ACPI: AC Adapter [AC] (on-line)
[    0.571742] input: Power Button as /devices/LNXSYSTM:00/LNXPWRBN:00/input/input0
[    0.572849] ACPI: Power Button [PWRF]
[    0.573448] input: Sleep Button as /devices/LNXSYSTM:00/LNXSLPBN:00/input/input1
[    0.574504] ACPI: Sleep Button [SLPF]
[    0.576988] ACPI: Battery Slot [BAT0] (battery present)
[    0.579157] Serial: 8250/16550 driver, 32 ports, IRQ sharing enabled
[    0.601143] 00:02: ttyS0 at I/O 0x3f8 (irq = 4, base_baud = 115200) is a 16550A
[    0.604127] Linux agpgart interface v0.103
[    0.606129] loop: module loaded
[    0.607093] scsi host0: ata_piix
[    0.607731] scsi host1: ata_piix
[    0.608688] ata1: PATA max UDMA/33 cmd 0x1f0 ctl 0x3f6 bmdma 0xd000 irq 14
[    0.610152] ata2: PATA max UDMA/33 cmd 0x170 ctl 0x376 bmdma 0xd008 irq 15
[    0.611453] tun: Universal TUN/TAP device driver, 1.6
[    0.612645] PPP generic driver version 2.4.2
[    0.613541] ehci_hcd: USB 2.0 'Enhanced' Host Controller (EHCI) Driver
[    0.614589] ehci-pci: EHCI PCI platform driver
[    0.615344] ehci-platform: EHCI generic platform driver
[    0.616231] ohci_hcd: USB 1.1 'Open' Host Controller (OHCI) Driver
[    0.617222] ohci-pci: OHCI PCI platform driver
[    0.617970] ohci-platform: OHCI generic platform driver
[    0.618826] uhci_hcd: USB Universal Host Controller Interface driver
[    0.619881] i8042: PNP: PS/2 Controller [PNP0303:PS2K,PNP0f03:PS2M] at 0x60,0x64 irq 1,12
[    0.621614] serio: i8042 KBD port at 0x60,0x64 irq 1
[    0.622454] serio: i8042 AUX port at 0x60,0x64 irq 12
[    0.623490] mousedev: PS/2 mouse device common for all mice
[    0.625410] input: AT Translated Set 2 keyboard as /devices/platform/i8042/serio0/input/input2
[    0.626923] rtc_cmos rtc_cmos: rtc core: registered rtc_cmos as rtc0
[    0.628104] rtc_cmos rtc_cmos: alarms up to one day, 114 bytes nvram
[    0.629400] i2c /dev entries driver
[    0.630242] device-mapper: uevent: version 1.0.3
[    0.631229] device-mapper: ioctl: 4.37.0-ioctl (2017-09-20) initialised: dm-devel@redhat.com
[    0.632849] ledtrig-cpu: registered to indicate activity on CPUs
[    0.634153] NET: Registered protocol family 10
[    0.638151] Segment Routing with IPv6
[    0.638855] NET: Registered protocol family 17
[    0.639695] Key type dns_resolver registered
[    0.640820] mce: Using 0 MCE banks
[    0.641458] RAS: Correctable Errors collector initialized.
[    0.642723] sched_clock: Marking stable (640799126, 0)->(797786417, -156987291)
[    0.644563] registered taskstats version 1
[    0.645568] Loading compiled-in X.509 certificates
[    0.648493] Loaded X.509 cert 'Build time autogenerated kernel key: 70c562671a3916277fe5fdc18b24b613b7a6fbd0'
[    0.650695] Loaded X.509 cert 'Canonical Ltd. Live Patch Signing: 14df34d1a87cf37625abec039ef2bf521249b969'
[    0.652870] Loaded X.509 cert 'Canonical Ltd. Kernel Module Signing: 88f752e560a1e0737e31163a466ad7b70a850c19'
[    0.654499] blacklist: Loading compiled-in revocation X.509 certificates
[    0.655688] Loaded X.509 cert 'Canonical Ltd. Secure Boot Signing: 61482aa2830d0ab2ad5af10b7250da9033ddcef0'
[    0.657622] zswap: loaded using pool lzo/zbud
[    0.661644] Key type big_key registered
[    0.662383] Key type trusted registered
[    0.664864] Key type encrypted registered
[    0.665652] AppArmor: AppArmor sha1 policy hashing enabled
[    0.666543] ima: No TPM chip found, activating TPM-bypass! (rc=-19)
[    0.667547] ima: Allocated hash algorithm: sha1
[    0.668328] evm: HMAC attrs: 0x1
[    0.669074]   Magic number: 14:993:610
[    0.669850] rtc_cmos rtc_cmos: setting system clock to 2022-03-31 01:36:48 UTC (1648690608)
[    0.671324] BIOS EDD facility v0.16 2004-Jun-25, 0 devices found
[    0.672303] EDD information not available.
[    0.831553] Freeing unused kernel image memory: 2468K
[    1.526403] Write protecting the kernel read-only data: 20480k
[    1.534969] Freeing unused kernel image memory: 2008K
[    1.540260] Freeing unused kernel image memory: 1820K
[    1.575645] x86/mm: Checked W+X mappings: passed, no W+X pages found.
[    1.581954] x86/mm: Checking user space page tables
[    1.607408] x86/mm: Checked W+X mappings: passed, no W+X pages found.
Loading, please wait...
starting version 237
[    1.711873] e1000: Intel(R) PRO/1000 Network Driver - version 7.3.21-k8-NAPI
[    1.714541] e1000: Copyright (c) 1999-2006 Intel Corporation.
[    1.716223] Fusion MPT base driver 3.04.20
[    1.716948] Copyright (c) 1999-2008 LSI Corporation
[    1.722668] Fusion MPT SPI Host driver 3.04.20
[    1.738841] AVX2 version of gcm_enc/dec engaged.
[    1.739728] AES CTR mode by8 optimization enabled
[    1.950460] input: ImExPS/2 Generic Explorer Mouse as /devices/platform/i8042/serio1/input/input4
[    2.607074] e1000 0000:00:03.0 eth0: (PCI:33MHz:32-bit) 02:27:94:89:a7:22
[    2.615572] e1000 0000:00:03.0 eth0: Intel(R) PRO/1000 Network Connection
[    2.623749] mptbase: ioc0: Initiating bringup
[    4.605188] ioc0: LSI53C1030 A0: Capabilities={Initiator}
[   12.566597] scsi host2: ioc0: LSI53C1030 A0, FwRev=00000000h, Ports=1, MaxQ=256, IRQ=20
[   16.576183] scsi 2:0:0:0: Direct-Access     VBOX     HARDDISK         1.0  PQ: 0 ANSI: 5
[   18.598418] scsi target2:0:0: Beginning Domain Validation
[   18.648395] scsi target2:0:0: Domain Validation skipping write tests
[   18.649826] scsi target2:0:0: Ending Domain Validation
[   18.651072] scsi target2:0:0: asynchronous
[   18.652443] scsi 2:0:1:0: Direct-Access     VBOX     HARDDISK         1.0  PQ: 0 ANSI: 5
[   18.888193] scsi target2:0:1: Beginning Domain Validation
[   18.890586] random: fast init done
[   18.891397] scsi target2:0:1: Domain Validation skipping write tests
[   18.892592] scsi target2:0:1: Ending Domain Validation
[   18.893630] scsi target2:0:1: asynchronous
[   18.899268] random: systemd-udevd: uninitialized urandom read (16 bytes read)
[   18.899339] sd 2:0:0:0: Attached scsi generic sg0 type 0
[   18.900501] random: systemd-udevd: uninitialized urandom read (16 bytes read)
[   18.901658] sd 2:0:1:0: Attached scsi generic sg1 type 0
[   18.903136] random: systemd-udevd: uninitialized urandom read (16 bytes read)
[   18.905804] sd 2:0:0:0: [sda] 83886080 512-byte logical blocks: (42.9 GB/40.0 GiB)
[   18.907566] sd 2:0:1:0: [sdb] 20480 512-byte logical blocks: (10.5 MB/10.0 MiB)
[   18.908715] sd 2:0:0:0: [sda] Write Protect is off
[   18.910144] sd 2:0:1:0: [sdb] Write Protect is off
[   18.911133] sd 2:0:1:0: [sdb] Incomplete mode parameter data
[   18.912170] sd 2:0:1:0: [sdb] Assuming drive cache: write through
[   18.913255] sd 2:0:0:0: [sda] Incomplete mode parameter data
[   18.914289] sd 2:0:0:0: [sda] Assuming drive cache: write through
[   18.916453]  sda: sda1
[   18.917654] sd 2:0:0:0: [sda] Attached SCSI disk
[   18.918659] sd 2:0:1:0: [sdb] Attached SCSI disk
[   18.926312] e1000 0000:00:08.0 eth1: (PCI:33MHz:32-bit) 08:00:27:18:3d:50
[   18.927433] e1000 0000:00:08.0 eth1: Intel(R) PRO/1000 Network Connection
[   18.929676] e1000 0000:00:08.0 enp0s8: renamed from eth1
[   18.940799] e1000 0000:00:03.0 enp0s3: renamed from eth0
Begin: Loading essential drivers ... [   20.542383] raid6: sse2x1   gen() 12381 MB/s
[   20.591655] raid6: sse2x1   xor()  7518 MB/s
[   20.640161] raid6: sse2x2   gen() 11507 MB/s
[   20.688485] raid6: sse2x2   xor()  9393 MB/s
[   20.737295] raid6: sse2x4   gen() 15516 MB/s
[   20.784925] raid6: sse2x4   xor() 10154 MB/s
[   20.834618] raid6: avx2x1   gen() 24048 MB/s
[   20.880682] raid6: avx2x1   xor() 15673 MB/s
[   20.931839] raid6: avx2x2   gen() 29296 MB/s
[   20.980555] raid6: avx2x2   xor() 17217 MB/s
[   21.029374] raid6: avx2x4   gen() 31598 MB/s
[   21.078296] raid6: avx2x4   xor() 19193 MB/s
[   21.079076] raid6: using algorithm avx2x4 gen() 31598 MB/s
[   21.079844] raid6: .... xor() 19193 MB/s, rmw enabled
[   21.080859] raid6: using avx2x2 recovery algorithm
[   21.082590] xor: automatically using best checksumming function   avx       
[   21.084462] async_tx: api initialized (async)
done.
Begin: Running /scripts/init-premount ... done.
Begin: Mounting root file system ... Begin: Running /scripts/local-top ... done.
Begin: Running /scripts/local-premount ... [   21.126743] Btrfs loaded, crc32c=crc32c-intel
Scanning for Btrfs filesystems
done.
Warning: fsck not present, so skipping root file system
[   21.149623] EXT4-fs (sda1): mounted filesystem with ordered data mode. Opts: (null)
done.
Begin: Running /scripts/local-bottom ... done.
Begin: Running /scripts/init-bottom ... done.
[   21.403007] ip_tables: (C) 2000-2006 Netfilter Core Team
[   21.414856] systemd[1]: systemd 237 running in system mode. (+PAM +AUDIT +SELINUX +IMA +APPARMOR +SMACK +SYSVINIT +UTMP +LIBCRYPTSETUP +GCRYPT +GNUTLS +ACL +XZ +LZ4 +SECCOMP +BLKID +ELFUTILS +KMOD -IDN2 +IDN -PCRE2 default-hierarchy=hybrid)
[   21.418707] systemd[1]: Detected virtualization oracle.
[   21.419753] systemd[1]: Detected architecture x86-64.

Welcome to [1mUbuntu 18.04.6 LTS[0m!

[   21.426284] systemd[1]: Set hostname to <ubuntu-bionic>.
[   21.865018] systemd[1]: Reached target User and Group Name Lookups.
[[0;32m  OK  [0m] Reached target User and Group Name Lookups.
[   21.867075] systemd[1]: Reached target System Time Synchronized.
[[0;32m  OK  [0m] Reached target System Time Synchronized.
[   21.869246] systemd[1]: Set up automount Arbitrary Executable File Formats File System Automount Point.
[[0;32m  OK  [0m] Set up automount Arbitrary Executab…rmats File System Automount Point.
[   21.872811] systemd[1]: Reached target Swap.
[[0;32m  OK  [0m] Reached target Swap.
[   21.875179] systemd[1]: Created slice System Slice.
[[0;32m  OK  [0m] Created slice System Slice.
[   21.876839] systemd[1]: Listening on Journal Socket.
[[0;32m  OK  [0m] Listening on Journal Socket.
[[0;32m  OK  [0m] Listening on udev Control Socket.
[[0;32m  OK  [0m] Listening on fsck to fsckd communication Socket.
[[0;32m  OK  [0m] Listening on Network Service Netlink Socket.
[[0;32m  OK  [0m] Listening on /dev/initctl Compatibility Named Pipe.
         Starting File System Check on Root Device...
         Starting Load Kernel Modules...
         Mounting Huge Pages File System...
[[0;32m  OK  [0m] Listening on Journal Audit Socket.
[[0;32m  OK  [0m] Listening on LVM2 metadata daemon socket.
[[0;32m  OK  [0m] Listening on Device-mapper event daemon FIFOs.
         Mounting Kernel Debug File System...
         Starting Uncomplicated firewall...
         Starting Create list of required st…ce nodes for the current kernel...
[[0;32m  OK  [0m] Listening on LVM2 poll daemon socket.
         Starting Monitoring of LVM2 mirrors…ng dmeventd or progress polling...
         Starting Set the console keyboard layout...
[[0;32m  OK  [0m] Started Forward Password Requests to Wall Directory Watch.
[[0;32m  OK  [0m] Listening on Journal Socket (/dev/log).
[   21.911467] Loading iSCSI transport class v2.0-870.
[[0;32m  OK  [0m] Created slice system-serial\x2dgetty.slice.
[[0;32m  OK  [0m] Listening on udev Kernel Socket.
         Starting udev Coldplug all Devices...
         Mounting POSIX Message Queue File System...
[[0;32m  OK  [0m] Listening on Syslog Socket.
         Starting Journal Service...
[   21.998127] iscsi: registered transport (tcp)
[[0;32m  OK  [0m] Created slice User and Session Slice.
[[0;32m  OK  [0m] Reached target Slices.
[[0;32m  OK  [0m] Mounted Huge Pages File System.
[[0;32m  OK  [0m] Mounted Kernel Debug File System.
[[0;32m  OK  [0m] Started Uncomplicated firewall.
[[0;32m  OK  [0m] Started Create list of required sta…vice nodes for the current kernel.
[[0;32m  OK  [0m] Mounted POSIX Message Queue File System.
[[0;32m  OK  [0m] Started File System Check Daemon to report status.
[[0;32m  OK  [0m] Started LVM2 metadata daemon.
         Starting Create Static Device Nodes in /dev...
[[0;32m  OK  [0m] Started udev Coldplug all Devices.
[   22.058041] iscsi: registered transport (iser)
[[0;32m  OK  [0m] Started Load Kernel Modules.
         Starting Apply Kernel Variables...
         Mounting FUSE Control File System...
         Mounting Kernel Configuration File System...
[[0;32m  OK  [0m] Mounted FUSE Control File System.
[[0;32m  OK  [0m] Mounted Kernel Configuration File System.
[[0;32m  OK  [0m] Started Journal Service.
[[0;32m  OK  [0m] Started File System Check on Root Device.
         Starting Remount Root and Kernel File Systems...
[[0;32m  OK  [0m] Started Create Static Device Nodes in /dev.
[[0;32m  OK  [0m] Started Monitoring of LVM2 mirrors,…sing dmeventd or progress polling.
[[0;32m  OK  [0m] Started Remount Root and Kernel File Systems.
         Starting Load/Save Random Seed...
         Starting udev Kernel Device Manager...
         Starting Flush Journal to Persistent Storage...
[[0;32m  OK  [0m] Started Apply Kernel Variables.
[[0;32m  OK  [0m] Started Load/Save Random Seed.
[[0;32m  OK  [0m] Started udev Kernel Device Manager.
[[0;32m  OK  [0m] Started Set the console keyboard layout.
[[0;32m  OK  [0m] Reached target Local File Systems (Pre).
[[0;32m  OK  [0m] Reached target Local File Systems.
         Starting Tell Plymouth To Write Out Runtime Data...
         Starting ebtables ruleset management...
         Starting AppArmor initialization...
         Starting Set console font and keymap...
[[0;32m  OK  [0m] Started Dispatch Password Requests to Console Directory Watch.
[[0;32m  OK  [0m] Reached target Local Encrypted Volumes.
[[0;32m  OK  [0m] Started Tell Plymouth To Write Out Runtime Data.
[[0;32m  OK  [0m] Started Set console font and keymap.
[[0;32m  OK  [0m] Started Flush Journal to Persistent Storage.
         Starting Create Volatile Files and Directories...
[[0;32m  OK  [0m] Started Create Volatile Files and Directories.
         Starting Update UTMP about System Boot/Shutdown...
[[0;32m  OK  [0m] Started Update UTMP about System Boot/Shutdown.
[[0;32m  OK  [0m] Started ebtables ruleset management.
[[0;32m  OK  [0m] Found device /dev/ttyS0.
[[0;32m  OK  [0m] Started AppArmor initialization.
         Starting Load AppArmor profiles managed internally by snapd...
         Starting Initial cloud-init job (pre-networking)...
[[0;32m  OK  [0m] Started Load AppArmor profiles managed internally by snapd.
[[0;32m  OK  [0m] Listening on Load/Save RF Kill Switch Status /dev/rfkill Watch.
[   24.026937] cloud-init[549]: Cloud-init v. 22.1-14-g2e17a0d6-0ubuntu1~18.04.3 running 'init-local' at Thu, 31 Mar 2022 01:37:11 +0000. Up 23.85 seconds.
[[0;32m  OK  [0m] Started Initial cloud-init job (pre-networking).
[[0;32m  OK  [0m] Reached target Network (Pre).
         Starting Network Service...
[[0;32m  OK  [0m] Started Network Service.
         Starting Network Name Resolution...
         Starting Wait for Network to be Configured...
[[0;32m  OK  [0m] Started Network Name Resolution.
[[0;32m  OK  [0m] Reached target Host and Network Name Lookups.
[[0;32m  OK  [0m] Reached target Network.
[[0;32m  OK  [0m] Started Wait for Network to be Configured.
         Starting Initial cloud-init job (metadata service crawler)...
[   28.036486] cloud-init[667]: Cloud-init v. 22.1-14-g2e17a0d6-0ubuntu1~18.04.3 running 'init' at Thu, 31 Mar 2022 01:37:15 +0000. Up 27.79 seconds.
[   28.048256] cloud-init[667]: ci-info: ++++++++++++++++++++++++++++++++++++++Net device info+++++++++++++++++++++++++++++++++++++++
[   28.049376] cloud-init[667]: ci-info: +--------+------+-----------------------------+---------------+--------+-------------------+
[   28.064236] cloud-init[667]: ci-info: | Device |  Up  |           Address           |      Mask     | Scope  |     Hw-Address    |
[   28.076278] cloud-init[667]: ci-info: +--------+------+-----------------------------+---------------+--------+-------------------+
[   28.088212] cloud-init[667]: ci-info: | enp0s3 | True |          10.0.2.15          | 255.255.255.0 | global | 02:27:94:89:a7:22 |
[   28.089618] cloud-init[667]: ci-info: | enp0s3 | True |  fe80::27:94ff:fe89:a722/64 |       .       |  link  | 02:27:94:89:a7:22 |
[   28.090835] cloud-init[667]: ci-info: | enp0s8 | True |        192.168.56.110       | 255.255.255.0 | global | 08:00:27:18:3d:50 |
[   28.092109] cloud-init[667]: ci-info: | enp0s8 | True | fe80::a00:27ff:fe18:3d50/64 |       .       |  link  | 08:00:27:18:3d:50 |
[   28.093520] cloud-init[667]: ci-info: |   lo   | True |          127.0.0.1          |   255.0.0.0   |  host  |         .         |
[   28.094845] cloud-init[667]: ci-info: |   lo   | True |           ::1/128           |       .       |  host  |         .         |
[   28.095734] cloud-init[667]: ci-info: +--------+------+-----------------------------+---------------+--------+-------------------+
[   28.097688] cloud-init[667]: ci-info: +++++++++++++++++++++++++++++Route IPv4 info+++++++++++++++++++++++++++++
[   28.099068] cloud-init[667]: ci-info: +-------+--------------+----------+-----------------+-----------+-------+
[   28.100529] cloud-init[667]: ci-info: | Route | Destination  | Gateway  |     Genmask     | Interface | Flags |
[   28.112185] cloud-init[667]: ci-info: +-------+--------------+----------+-----------------+-----------+-------+
[   28.113203] cloud-init[667]: ci-info: |   0   |   0.0.0.0    | 10.0.2.2 |     0.0.0.0     |   enp0s3  |   UG  |
[   28.114418] cloud-init[667]: ci-info: |   1   |   10.0.2.0   | 0.0.0.0  |  255.255.255.0  |   enp0s3  |   U   |
[   28.115425] cloud-init[667]: ci-info: |   2   |   10.0.2.2   | 0.0.0.0  | 255.255.255.255 |   enp0s3  |   UH  |
[   28.128255] cloud-init[667]: ci-info: |   3   | 192.168.56.0 | 0.0.0.0  |  255.255.255.0  |   enp0s8  |   U   |
[   28.130702] cloud-init[667]: ci-info: +-------+--------------+----------+-----------------+-----------+-------+
[   28.131860] cloud-init[667]: ci-info: +++++++++++++++++++Route IPv6 info+++++++++++++++++++
[   28.144246] cloud-init[667]: ci-info: +-------+-------------+---------+-----------+-------+
[   28.146224] cloud-init[667]: ci-info: | Route | Destination | Gateway | Interface | Flags |
[   28.147356] cloud-init[667]: ci-info: +-------+-------------+---------+-----------+-------+
[   28.148343] cloud-init[667]: ci-info: |   1   |  fe80::/64  |    ::   |   enp0s3  |   U   |
[   28.149145] cloud-init[667]: ci-info: |   2   |  fe80::/64  |    ::   |   enp0s8  |   U   |
[   28.150070] cloud-init[667]: ci-info: |   4   |    local    |    ::   |   enp0s3  |   U   |
[   28.150777] cloud-init[667]: ci-info: |   5   |    local    |    ::   |   enp0s8  |   U   |
[   28.164231] cloud-init[667]: ci-info: |   6   |   ff00::/8  |    ::   |   enp0s3  |   U   |
[   28.165501] cloud-init[667]: ci-info: |   7   |   ff00::/8  |    ::   |   enp0s8  |   U   |
[   28.166696] cloud-init[667]: ci-info: +-------+-------------+---------+-----------+-------+
[[0;32m  OK  [0m] Started Initial cloud-init job (metadata service crawler).
[[0;32m  OK  [0m] Reached target Network is Online.
         Starting Availability of block devices...
[[0;32m  OK  [0m] Reached target Remote File Systems (Pre).
[[0;32m  OK  [0m] Reached target Remote File Systems.
[[0;32m  OK  [0m] Reached target System Initialization.
[[0;32m  OK  [0m] Started Daily apt download activities.
[[0;32m  OK  [0m] Listening on cloud-init hotplug hook socket.
         Starting Socket activation for snappy daemon.
[[0;32m  OK  [0m] Listening on Open-iSCSI iscsid Socket.
[[0;32m  OK  [0m] Started Trigger to poll for Ubuntu …(Only enabled on GCP LTS non-pro).
[[0;32m  OK  [0m] Started Daily apt upgrade and clean activities.
[[0;32m  OK  [0m] Started Discard unused blocks once a week.
[[0;32m  OK  [0m] Started Ubuntu Advantage Timer for running repeated jobs.
[[0;32m  OK  [0m] Started Message of the Day.
[[0;32m  OK  [0m] Listening on ACPID Listen Socket.
[[0;32m  OK  [0m] Listening on D-Bus System Message Bus Socket.
         Starting LXD - unix socket.
[[0;32m  OK  [0m] Started ACPI Events Check.
[[0;32m  OK  [0m] Started Daily Cleanup of Temporary Directories.
[[0;32m  OK  [0m] Reached target Timers.
[[0;32m  OK  [0m] Listening on UUID daemon activation socket.
[[0;32m  OK  [0m] Reached target Paths.
[[0;32m  OK  [0m] Reached target Cloud-config availability.
[[0;32m  OK  [0m] Started Availability of block devices.
[[0;32m  OK  [0m] Listening on Socket activation for snappy daemon.
[[0;32m  OK  [0m] Listening on LXD - unix socket.
[[0;32m  OK  [0m] Reached target Sockets.
[[0;32m  OK  [0m] Reached target Basic System.
         Starting LSB: automatic crash report generation...
         Starting Permit User Sessions...
         Starting OpenBSD Secure Shell server...
         Starting MySQL Community Server...
[[0;32m  OK  [0m] Started Deferred execution scheduler.
[[0;32m  OK  [0m] Started irqbalance daemon.
         Starting Accounts Service...
         Starting LXD - container startup/shutdown...
         Starting Virtualbox guest utils...
[[0;32m  OK  [0m] Started D-Bus System Message Bus.
         Starting Dispatcher daemon for systemd-networkd...
[[0;32m  OK  [0m] Started Regular background program processing daemon.
         Starting Snap Daemon...
         Starting Login Service...
         Starting System Logging Service...
[[0;32m  OK  [0m] Started FUSE filesystem for LXC.
         Starting LSB: Record successful boot for GRUB...
[[0;32m  OK  [0m] Started Permit User Sessions.
[[0;32m  OK  [0m] Started OpenBSD Secure Shell server.
         Starting Authorization Manager...
         Starting Terminate Plymouth Boot Screen...
         Starting Hold until boot process finishes up...
[[0;32m  OK  [0m] Started Login Service.
[[0;32m  OK  [0m] Started Terminate Plymouth Boot Screen.
[[0;32m  OK  [0m] Started Hold until boot process finishes up.
         Starting Set console scheme...
[[0;32m  OK  [0m] Started Serial Getty on ttyS0.
[[0;32m  OK  [0m] Started Unattended Upgrades Shutdown.
[[0;32m  OK  [0m] Started System Logging Service.
[[0;32m  OK  [0m] Started LSB: automatic crash report generation.
[[0;32m  OK  [0m] Started Set console scheme.
[[0;32m  OK  [0m] Created slice system-getty.slice.
[[0;32m  OK  [0m] Started Getty on tty1.
[[0;32m  OK  [0m] Reached target Login Prompts.
[[0;32m  OK  [0m] Started Authorization Manager.
[[0;32m  OK  [0m] Started Accounts Service.
[[0;32m  OK  [0m] Started LSB: Record successful boot for GRUB.
[[0;32m  OK  [0m] Started Virtualbox guest utils.
[[0;32m  OK  [0m] Started LXD - container startup/shutdown.
[[0;32m  OK  [0m] Created slice User Slice of vagrant.
[[0;32m  OK  [0m] Started Session 1 of user vagrant.
         Starting User Manager for UID 1000...
[[0;32m  OK  [0m] Started Dispatcher daemon for systemd-networkd.
[[0;32m  OK  [0m] Started User Manager for UID 1000.
[[0;32m  OK  [0m] Started Snap Daemon.
         Starting Wait until snapd is fully seeded...
         Starting Time & Date Service...
[[0;32m  OK  [0m] Started Time & Date Service.
[[0;32m  OK  [0m] Started MySQL Community Server.
[[0;32m  OK  [0m] Started Wait until snapd is fully seeded.
         Starting Apply the settings specified in cloud-config...
[[0;32m  OK  [0m] Reached target Multi-User System.
[[0;32m  OK  [0m] Reached target Graphical Interface.
         Starting Update UTMP about System Runlevel Changes...
[[0;32m  OK  [0m] Started Update UTMP about System Runlevel Changes.
[   31.258513] cloud-init[1257]: Cloud-init v. 22.1-14-g2e17a0d6-0ubuntu1~18.04.3 running 'modules:config' at Thu, 31 Mar 2022 01:37:18 +0000. Up 31.14 seconds.
[[0;32m  OK  [0m] Started Apply the settings specified in cloud-config.
         Starting Execute cloud user/final scripts...
[   31.820172] cloud-init[1379]: Cloud-init v. 22.1-14-g2e17a0d6-0ubuntu1~18.04.3 running 'modules:final' at Thu, 31 Mar 2022 01:37:19 +0000. Up 31.70 seconds.
[   31.822372] cloud-init[1379]: Cloud-init v. 22.1-14-g2e17a0d6-0ubuntu1~18.04.3 finished at Thu, 31 Mar 2022 01:37:19 +0000. Datasource DataSourceNoCloud [seed=/dev/sdb][dsmode=net].  Up 31.81 seconds
[[0;32m  OK  [0m] Started Execute cloud user/final scripts.
[[0;32m  OK  [0m] Reached target Cloud-init target.
         Starting Daily apt download activities...
[[0;32m  OK  [0m] Stopped Wait for Network to be Configured.
         Stopping Network Service...
[[0;32m  OK  [0m] Stopped Network Service.
         Starting Network Service...
[[0;32m  OK  [0m] Started Network Service.
         Stopping User Manager for UID 1000...
[[0;32m  OK  [0m] Stopped User Manager for UID 1000.
[[0;32m  OK  [0m] Removed slice User Slice of vagrant.

Ubuntu 18.04.6 LTS ubuntu-bionic ttyS0

ubuntu-bionic login: 